[17-Oct-2016 03:00:11 UTC] PHP Parse error:  syntax error, unexpected end of file in Command line code on line 1
[23-Nov-2016 13:51:42 UTC] PHP Warning:  pg_connect(): Unable to connect to PostgreSQL server: could not translate host name "sslmode=require" to address: Name or service not known in /home/ubuntu/workspace/conn.php on line 7
[23-Nov-2016 13:51:42 UTC] PHP Stack trace:
[23-Nov-2016 13:51:42 UTC] PHP   1. {main}() /home/ubuntu/workspace/home/index.php:0
[23-Nov-2016 13:51:42 UTC] PHP   2. require() /home/ubuntu/workspace/home/index.php:26
[23-Nov-2016 13:51:42 UTC] PHP   3. pg_connect() /home/ubuntu/workspace/conn.php:7
[23-Nov-2016 13:51:42 UTC] PHP Warning:  pg_query() expects parameter 1 to be resource, boolean given in /home/ubuntu/workspace/home/index.php on line 27
[23-Nov-2016 13:51:42 UTC] PHP Stack trace:
[23-Nov-2016 13:51:42 UTC] PHP   1. {main}() /home/ubuntu/workspace/home/index.php:0
[23-Nov-2016 13:51:42 UTC] PHP   2. pg_query() /home/ubuntu/workspace/home/index.php:27
[23-Nov-2016 13:51:42 UTC] PHP Warning:  pg_fetch_row() expects parameter 1 to be resource, null given in /home/ubuntu/workspace/home/index.php on line 28
[23-Nov-2016 13:51:42 UTC] PHP Stack trace:
[23-Nov-2016 13:51:42 UTC] PHP   1. {main}() /home/ubuntu/workspace/home/index.php:0
[23-Nov-2016 13:51:42 UTC] PHP   2. pg_fetch_row() /home/ubuntu/workspace/home/index.php:28
[23-Nov-2016 13:52:00 UTC] PHP Warning:  pg_connect(): Unable to connect to PostgreSQL server: could not translate host name "sslmode=require" to address: Name or service not known in /home/ubuntu/workspace/conn.php on line 7
[23-Nov-2016 13:52:00 UTC] PHP Stack trace:
[23-Nov-2016 13:52:00 UTC] PHP   1. {main}() /home/ubuntu/workspace/home/perfil.php:0
[23-Nov-2016 13:52:00 UTC] PHP   2. require() /home/ubuntu/workspace/home/perfil.php:34
[23-Nov-2016 13:52:00 UTC] PHP   3. pg_connect() /home/ubuntu/workspace/conn.php:7
[23-Nov-2016 13:52:00 UTC] PHP Warning:  pg_query() expects parameter 1 to be resource, boolean given in /home/ubuntu/workspace/home/perfil.php on line 35
[23-Nov-2016 13:52:00 UTC] PHP Stack trace:
[23-Nov-2016 13:52:00 UTC] PHP   1. {main}() /home/ubuntu/workspace/home/perfil.php:0
[23-Nov-2016 13:52:00 UTC] PHP   2. pg_query() /home/ubuntu/workspace/home/perfil.php:35
[23-Nov-2016 13:52:00 UTC] PHP Warning:  pg_fetch_row() expects parameter 1 to be resource, null given in /home/ubuntu/workspace/home/perfil.php on line 36
[23-Nov-2016 13:52:00 UTC] PHP Stack trace:
[23-Nov-2016 13:52:00 UTC] PHP   1. {main}() /home/ubuntu/workspace/home/perfil.php:0
[23-Nov-2016 13:52:00 UTC] PHP   2. pg_fetch_row() /home/ubuntu/workspace/home/perfil.php:36
[23-Nov-2016 13:52:09 UTC] PHP Warning:  pg_connect(): Unable to connect to PostgreSQL server: could not translate host name "sslmode=require" to address: Name or service not known in /home/ubuntu/workspace/conn.php on line 7
[23-Nov-2016 13:52:09 UTC] PHP Stack trace:
[23-Nov-2016 13:52:09 UTC] PHP   1. {main}() /home/ubuntu/workspace/home/perfil.php:0
[23-Nov-2016 13:52:09 UTC] PHP   2. require() /home/ubuntu/workspace/home/perfil.php:34
[23-Nov-2016 13:52:09 UTC] PHP   3. pg_connect() /home/ubuntu/workspace/conn.php:7
[23-Nov-2016 13:52:09 UTC] PHP Warning:  pg_query() expects parameter 1 to be resource, boolean given in /home/ubuntu/workspace/home/perfil.php on line 35
[23-Nov-2016 13:52:09 UTC] PHP Stack trace:
[23-Nov-2016 13:52:09 UTC] PHP   1. {main}() /home/ubuntu/workspace/home/perfil.php:0
[23-Nov-2016 13:52:09 UTC] PHP   2. pg_query() /home/ubuntu/workspace/home/perfil.php:35
[23-Nov-2016 13:52:09 UTC] PHP Warning:  pg_fetch_row() expects parameter 1 to be resource, null given in /home/ubuntu/workspace/home/perfil.php on line 36
[23-Nov-2016 13:52:09 UTC] PHP Stack trace:
[23-Nov-2016 13:52:09 UTC] PHP   1. {main}() /home/ubuntu/workspace/home/perfil.php:0
[23-Nov-2016 13:52:09 UTC] PHP   2. pg_fetch_row() /home/ubuntu/workspace/home/perfil.php:36
[23-Nov-2016 13:52:53 UTC] PHP Warning:  pg_connect(): Unable to connect to PostgreSQL server: could not translate host name "sslmode=require" to address: Name or service not known in /home/ubuntu/workspace/conn.php on line 7
[23-Nov-2016 13:52:53 UTC] PHP Stack trace:
[23-Nov-2016 13:52:53 UTC] PHP   1. {main}() /home/ubuntu/workspace/home/perfil.php:0
[23-Nov-2016 13:52:53 UTC] PHP   2. require() /home/ubuntu/workspace/home/perfil.php:34
[23-Nov-2016 13:52:53 UTC] PHP   3. pg_connect() /home/ubuntu/workspace/conn.php:7
[23-Nov-2016 13:52:53 UTC] PHP Warning:  pg_query() expects parameter 1 to be resource, boolean given in /home/ubuntu/workspace/home/perfil.php on line 35
[23-Nov-2016 13:52:53 UTC] PHP Stack trace:
[23-Nov-2016 13:52:53 UTC] PHP   1. {main}() /home/ubuntu/workspace/home/perfil.php:0
[23-Nov-2016 13:52:53 UTC] PHP   2. pg_query() /home/ubuntu/workspace/home/perfil.php:35
[23-Nov-2016 13:52:53 UTC] PHP Warning:  pg_fetch_row() expects parameter 1 to be resource, null given in /home/ubuntu/workspace/home/perfil.php on line 36
[23-Nov-2016 13:52:53 UTC] PHP Stack trace:
[23-Nov-2016 13:52:53 UTC] PHP   1. {main}() /home/ubuntu/workspace/home/perfil.php:0
[23-Nov-2016 13:52:53 UTC] PHP   2. pg_fetch_row() /home/ubuntu/workspace/home/perfil.php:36
[23-Nov-2016 13:53:22 UTC] PHP Warning:  pg_connect(): Unable to connect to PostgreSQL server: could not translate host name "sslmode=require" to address: Name or service not known in /home/ubuntu/workspace/conn.php on line 7
[23-Nov-2016 13:53:22 UTC] PHP Stack trace:
[23-Nov-2016 13:53:22 UTC] PHP   1. {main}() /home/ubuntu/workspace/home/perfil.php:0
[23-Nov-2016 13:53:22 UTC] PHP   2. require() /home/ubuntu/workspace/home/perfil.php:34
[23-Nov-2016 13:53:22 UTC] PHP   3. pg_connect() /home/ubuntu/workspace/conn.php:7
[23-Nov-2016 13:53:22 UTC] PHP Warning:  pg_query() expects parameter 1 to be resource, boolean given in /home/ubuntu/workspace/home/perfil.php on line 35
[23-Nov-2016 13:53:22 UTC] PHP Stack trace:
[23-Nov-2016 13:53:22 UTC] PHP   1. {main}() /home/ubuntu/workspace/home/perfil.php:0
[23-Nov-2016 13:53:22 UTC] PHP   2. pg_query() /home/ubuntu/workspace/home/perfil.php:35
[23-Nov-2016 13:53:22 UTC] PHP Warning:  pg_fetch_row() expects parameter 1 to be resource, null given in /home/ubuntu/workspace/home/perfil.php on line 36
[23-Nov-2016 13:53:22 UTC] PHP Stack trace:
[23-Nov-2016 13:53:22 UTC] PHP   1. {main}() /home/ubuntu/workspace/home/perfil.php:0
[23-Nov-2016 13:53:22 UTC] PHP   2. pg_fetch_row() /home/ubuntu/workspace/home/perfil.php:36
[23-Nov-2016 13:54:50 UTC] PHP Warning:  pg_connect(): Unable to connect to PostgreSQL server: could not translate host name "sslmode=require" to address: Name or service not known in /home/ubuntu/workspace/conn.php on line 7
[23-Nov-2016 13:54:50 UTC] PHP Stack trace:
[23-Nov-2016 13:54:50 UTC] PHP   1. {main}() /home/ubuntu/workspace/home/perfil.php:0
[23-Nov-2016 13:54:50 UTC] PHP   2. require() /home/ubuntu/workspace/home/perfil.php:34
[23-Nov-2016 13:54:50 UTC] PHP   3. pg_connect() /home/ubuntu/workspace/conn.php:7
[23-Nov-2016 13:54:50 UTC] PHP Warning:  pg_query() expects parameter 1 to be resource, boolean given in /home/ubuntu/workspace/home/perfil.php on line 35
[23-Nov-2016 13:54:50 UTC] PHP Stack trace:
[23-Nov-2016 13:54:50 UTC] PHP   1. {main}() /home/ubuntu/workspace/home/perfil.php:0
[23-Nov-2016 13:54:50 UTC] PHP   2. pg_query() /home/ubuntu/workspace/home/perfil.php:35
[23-Nov-2016 13:54:50 UTC] PHP Warning:  pg_fetch_row() expects parameter 1 to be resource, null given in /home/ubuntu/workspace/home/perfil.php on line 36
[23-Nov-2016 13:54:50 UTC] PHP Stack trace:
[23-Nov-2016 13:54:50 UTC] PHP   1. {main}() /home/ubuntu/workspace/home/perfil.php:0
[23-Nov-2016 13:54:50 UTC] PHP   2. pg_fetch_row() /home/ubuntu/workspace/home/perfil.php:36
[23-Nov-2016 14:00:54 UTC] PHP Warning:  pg_connect(): Unable to connect to PostgreSQL server: could not translate host name "sslmode=require" to address: Name or service not known in /home/ubuntu/workspace/conn.php on line 7
[23-Nov-2016 14:00:54 UTC] PHP Stack trace:
[23-Nov-2016 14:00:54 UTC] PHP   1. {main}() /home/ubuntu/workspace/home/perfil.php:0
[23-Nov-2016 14:00:54 UTC] PHP   2. require() /home/ubuntu/workspace/home/perfil.php:34
[23-Nov-2016 14:00:54 UTC] PHP   3. pg_connect() /home/ubuntu/workspace/conn.php:7
[23-Nov-2016 14:00:54 UTC] PHP Warning:  pg_query() expects parameter 1 to be resource, boolean given in /home/ubuntu/workspace/home/perfil.php on line 35
[23-Nov-2016 14:00:54 UTC] PHP Stack trace:
[23-Nov-2016 14:00:54 UTC] PHP   1. {main}() /home/ubuntu/workspace/home/perfil.php:0
[23-Nov-2016 14:00:54 UTC] PHP   2. pg_query() /home/ubuntu/workspace/home/perfil.php:35
[23-Nov-2016 14:00:54 UTC] PHP Warning:  pg_fetch_row() expects parameter 1 to be resource, null given in /home/ubuntu/workspace/home/perfil.php on line 36
[23-Nov-2016 14:00:54 UTC] PHP Stack trace:
[23-Nov-2016 14:00:54 UTC] PHP   1. {main}() /home/ubuntu/workspace/home/perfil.php:0
[23-Nov-2016 14:00:54 UTC] PHP   2. pg_fetch_row() /home/ubuntu/workspace/home/perfil.php:36
[23-Nov-2016 14:01:35 UTC] PHP Warning:  pg_connect(): Unable to connect to PostgreSQL server: could not translate host name "sslmode=require" to address: Name or service not known in /home/ubuntu/workspace/conn.php on line 7
[23-Nov-2016 14:01:35 UTC] PHP Stack trace:
[23-Nov-2016 14:01:35 UTC] PHP   1. {main}() /home/ubuntu/workspace/home/perfil.php:0
[23-Nov-2016 14:01:35 UTC] PHP   2. require() /home/ubuntu/workspace/home/perfil.php:34
[23-Nov-2016 14:01:35 UTC] PHP   3. pg_connect() /home/ubuntu/workspace/conn.php:7
[23-Nov-2016 14:01:35 UTC] PHP Warning:  pg_query() expects parameter 1 to be resource, boolean given in /home/ubuntu/workspace/home/perfil.php on line 35
[23-Nov-2016 14:01:35 UTC] PHP Stack trace:
[23-Nov-2016 14:01:35 UTC] PHP   1. {main}() /home/ubuntu/workspace/home/perfil.php:0
[23-Nov-2016 14:01:35 UTC] PHP   2. pg_query() /home/ubuntu/workspace/home/perfil.php:35
[23-Nov-2016 14:01:35 UTC] PHP Warning:  pg_fetch_row() expects parameter 1 to be resource, null given in /home/ubuntu/workspace/home/perfil.php on line 36
[23-Nov-2016 14:01:35 UTC] PHP Stack trace:
[23-Nov-2016 14:01:35 UTC] PHP   1. {main}() /home/ubuntu/workspace/home/perfil.php:0
[23-Nov-2016 14:01:35 UTC] PHP   2. pg_fetch_row() /home/ubuntu/workspace/home/perfil.php:36
[23-Nov-2016 14:09:20 UTC] PHP Warning:  pg_connect(): Unable to connect to PostgreSQL server: could not translate host name "sslmode=require" to address: Name or service not known in /home/ubuntu/workspace/conn.php on line 7
[23-Nov-2016 14:09:20 UTC] PHP Stack trace:
[23-Nov-2016 14:09:20 UTC] PHP   1. {main}() /home/ubuntu/workspace/home/perfil.php:0
[23-Nov-2016 14:09:20 UTC] PHP   2. require() /home/ubuntu/workspace/home/perfil.php:34
[23-Nov-2016 14:09:20 UTC] PHP   3. pg_connect() /home/ubuntu/workspace/conn.php:7
[23-Nov-2016 14:09:20 UTC] PHP Warning:  pg_query() expects parameter 1 to be resource, boolean given in /home/ubuntu/workspace/home/perfil.php on line 35
[23-Nov-2016 14:09:20 UTC] PHP Stack trace:
[23-Nov-2016 14:09:20 UTC] PHP   1. {main}() /home/ubuntu/workspace/home/perfil.php:0
[23-Nov-2016 14:09:20 UTC] PHP   2. pg_query() /home/ubuntu/workspace/home/perfil.php:35
[23-Nov-2016 14:09:20 UTC] PHP Warning:  pg_fetch_row() expects parameter 1 to be resource, null given in /home/ubuntu/workspace/home/perfil.php on line 36
[23-Nov-2016 14:09:20 UTC] PHP Stack trace:
[23-Nov-2016 14:09:20 UTC] PHP   1. {main}() /home/ubuntu/workspace/home/perfil.php:0
[23-Nov-2016 14:09:20 UTC] PHP   2. pg_fetch_row() /home/ubuntu/workspace/home/perfil.php:36
[23-Nov-2016 14:13:45 UTC] PHP Warning:  pg_connect(): Unable to connect to PostgreSQL server: could not translate host name "sslmode=require" to address: Name or service not known in /home/ubuntu/workspace/conn.php on line 7
[23-Nov-2016 14:13:45 UTC] PHP Stack trace:
[23-Nov-2016 14:13:45 UTC] PHP   1. {main}() /home/ubuntu/workspace/home/perfil.php:0
[23-Nov-2016 14:13:45 UTC] PHP   2. require() /home/ubuntu/workspace/home/perfil.php:34
[23-Nov-2016 14:13:45 UTC] PHP   3. pg_connect() /home/ubuntu/workspace/conn.php:7
[23-Nov-2016 14:13:45 UTC] PHP Warning:  pg_query() expects parameter 1 to be resource, boolean given in /home/ubuntu/workspace/home/perfil.php on line 35
[23-Nov-2016 14:13:45 UTC] PHP Stack trace:
[23-Nov-2016 14:13:45 UTC] PHP   1. {main}() /home/ubuntu/workspace/home/perfil.php:0
[23-Nov-2016 14:13:45 UTC] PHP   2. pg_query() /home/ubuntu/workspace/home/perfil.php:35
[23-Nov-2016 14:13:45 UTC] PHP Warning:  pg_fetch_row() expects parameter 1 to be resource, null given in /home/ubuntu/workspace/home/perfil.php on line 36
[23-Nov-2016 14:13:45 UTC] PHP Stack trace:
[23-Nov-2016 14:13:45 UTC] PHP   1. {main}() /home/ubuntu/workspace/home/perfil.php:0
[23-Nov-2016 14:13:45 UTC] PHP   2. pg_fetch_row() /home/ubuntu/workspace/home/perfil.php:36
[23-Nov-2016 14:13:58 UTC] PHP Warning:  pg_connect(): Unable to connect to PostgreSQL server: could not translate host name "sslmode=require" to address: Name or service not known in /home/ubuntu/workspace/conn.php on line 7
[23-Nov-2016 14:13:58 UTC] PHP Stack trace:
[23-Nov-2016 14:13:58 UTC] PHP   1. {main}() /home/ubuntu/workspace/home/perfil.php:0
[23-Nov-2016 14:13:58 UTC] PHP   2. require() /home/ubuntu/workspace/home/perfil.php:34
[23-Nov-2016 14:13:58 UTC] PHP   3. pg_connect() /home/ubuntu/workspace/conn.php:7
[23-Nov-2016 14:13:58 UTC] PHP Warning:  pg_query() expects parameter 1 to be resource, boolean given in /home/ubuntu/workspace/home/perfil.php on line 35
[23-Nov-2016 14:13:58 UTC] PHP Stack trace:
[23-Nov-2016 14:13:58 UTC] PHP   1. {main}() /home/ubuntu/workspace/home/perfil.php:0
[23-Nov-2016 14:13:58 UTC] PHP   2. pg_query() /home/ubuntu/workspace/home/perfil.php:35
[23-Nov-2016 14:13:58 UTC] PHP Warning:  pg_fetch_row() expects parameter 1 to be resource, null given in /home/ubuntu/workspace/home/perfil.php on line 36
[23-Nov-2016 14:13:58 UTC] PHP Stack trace:
[23-Nov-2016 14:13:58 UTC] PHP   1. {main}() /home/ubuntu/workspace/home/perfil.php:0
[23-Nov-2016 14:13:58 UTC] PHP   2. pg_fetch_row() /home/ubuntu/workspace/home/perfil.php:36
[23-Nov-2016 14:14:13 UTC] PHP Warning:  pg_connect(): Unable to connect to PostgreSQL server: could not translate host name "sslmode=require" to address: Name or service not known in /home/ubuntu/workspace/conn.php on line 7
[23-Nov-2016 14:14:13 UTC] PHP Stack trace:
[23-Nov-2016 14:14:13 UTC] PHP   1. {main}() /home/ubuntu/workspace/home/perfil.php:0
[23-Nov-2016 14:14:13 UTC] PHP   2. require() /home/ubuntu/workspace/home/perfil.php:34
[23-Nov-2016 14:14:13 UTC] PHP   3. pg_connect() /home/ubuntu/workspace/conn.php:7
[23-Nov-2016 14:14:13 UTC] PHP Warning:  pg_query() expects parameter 1 to be resource, boolean given in /home/ubuntu/workspace/home/perfil.php on line 35
[23-Nov-2016 14:14:13 UTC] PHP Stack trace:
[23-Nov-2016 14:14:13 UTC] PHP   1. {main}() /home/ubuntu/workspace/home/perfil.php:0
[23-Nov-2016 14:14:13 UTC] PHP   2. pg_query() /home/ubuntu/workspace/home/perfil.php:35
[23-Nov-2016 14:14:13 UTC] PHP Warning:  pg_fetch_row() expects parameter 1 to be resource, null given in /home/ubuntu/workspace/home/perfil.php on line 36
[23-Nov-2016 14:14:13 UTC] PHP Stack trace:
[23-Nov-2016 14:14:13 UTC] PHP   1. {main}() /home/ubuntu/workspace/home/perfil.php:0
[23-Nov-2016 14:14:13 UTC] PHP   2. pg_fetch_row() /home/ubuntu/workspace/home/perfil.php:36
[23-Nov-2016 14:14:34 UTC] PHP Warning:  pg_connect(): Unable to connect to PostgreSQL server: could not translate host name "sslmode=require" to address: Name or service not known in /home/ubuntu/workspace/conn.php on line 7
[23-Nov-2016 14:14:34 UTC] PHP Stack trace:
[23-Nov-2016 14:14:34 UTC] PHP   1. {main}() /home/ubuntu/workspace/home/perfil.php:0
[23-Nov-2016 14:14:34 UTC] PHP   2. require() /home/ubuntu/workspace/home/perfil.php:34
[23-Nov-2016 14:14:34 UTC] PHP   3. pg_connect() /home/ubuntu/workspace/conn.php:7
[23-Nov-2016 14:14:34 UTC] PHP Warning:  pg_query() expects parameter 1 to be resource, boolean given in /home/ubuntu/workspace/home/perfil.php on line 35
[23-Nov-2016 14:14:34 UTC] PHP Stack trace:
[23-Nov-2016 14:14:34 UTC] PHP   1. {main}() /home/ubuntu/workspace/home/perfil.php:0
[23-Nov-2016 14:14:34 UTC] PHP   2. pg_query() /home/ubuntu/workspace/home/perfil.php:35
[23-Nov-2016 14:14:34 UTC] PHP Warning:  pg_fetch_row() expects parameter 1 to be resource, null given in /home/ubuntu/workspace/home/perfil.php on line 36
[23-Nov-2016 14:14:34 UTC] PHP Stack trace:
[23-Nov-2016 14:14:34 UTC] PHP   1. {main}() /home/ubuntu/workspace/home/perfil.php:0
[23-Nov-2016 14:14:34 UTC] PHP   2. pg_fetch_row() /home/ubuntu/workspace/home/perfil.php:36
[23-Nov-2016 14:14:59 UTC] PHP Warning:  pg_connect(): Unable to connect to PostgreSQL server: could not translate host name "sslmode=require" to address: Name or service not known in /home/ubuntu/workspace/conn.php on line 7
[23-Nov-2016 14:14:59 UTC] PHP Stack trace:
[23-Nov-2016 14:14:59 UTC] PHP   1. {main}() /home/ubuntu/workspace/home/perfil.php:0
[23-Nov-2016 14:14:59 UTC] PHP   2. require() /home/ubuntu/workspace/home/perfil.php:34
[23-Nov-2016 14:14:59 UTC] PHP   3. pg_connect() /home/ubuntu/workspace/conn.php:7
[23-Nov-2016 14:14:59 UTC] PHP Warning:  pg_query() expects parameter 1 to be resource, boolean given in /home/ubuntu/workspace/home/perfil.php on line 35
[23-Nov-2016 14:14:59 UTC] PHP Stack trace:
[23-Nov-2016 14:14:59 UTC] PHP   1. {main}() /home/ubuntu/workspace/home/perfil.php:0
[23-Nov-2016 14:14:59 UTC] PHP   2. pg_query() /home/ubuntu/workspace/home/perfil.php:35
[23-Nov-2016 14:14:59 UTC] PHP Warning:  pg_fetch_row() expects parameter 1 to be resource, null given in /home/ubuntu/workspace/home/perfil.php on line 36
[23-Nov-2016 14:14:59 UTC] PHP Stack trace:
[23-Nov-2016 14:14:59 UTC] PHP   1. {main}() /home/ubuntu/workspace/home/perfil.php:0
[23-Nov-2016 14:14:59 UTC] PHP   2. pg_fetch_row() /home/ubuntu/workspace/home/perfil.php:36
[23-Nov-2016 14:15:49 UTC] PHP Warning:  pg_connect(): Unable to connect to PostgreSQL server: could not translate host name "sslmode=require" to address: Name or service not known in /home/ubuntu/workspace/conn.php on line 7
[23-Nov-2016 14:15:49 UTC] PHP Stack trace:
[23-Nov-2016 14:15:49 UTC] PHP   1. {main}() /home/ubuntu/workspace/home/perfil.php:0
[23-Nov-2016 14:15:49 UTC] PHP   2. require() /home/ubuntu/workspace/home/perfil.php:34
[23-Nov-2016 14:15:49 UTC] PHP   3. pg_connect() /home/ubuntu/workspace/conn.php:7
[23-Nov-2016 14:15:49 UTC] PHP Warning:  pg_query() expects parameter 1 to be resource, boolean given in /home/ubuntu/workspace/home/perfil.php on line 35
[23-Nov-2016 14:15:49 UTC] PHP Stack trace:
[23-Nov-2016 14:15:49 UTC] PHP   1. {main}() /home/ubuntu/workspace/home/perfil.php:0
[23-Nov-2016 14:15:49 UTC] PHP   2. pg_query() /home/ubuntu/workspace/home/perfil.php:35
[23-Nov-2016 14:15:49 UTC] PHP Warning:  pg_fetch_row() expects parameter 1 to be resource, null given in /home/ubuntu/workspace/home/perfil.php on line 36
[23-Nov-2016 14:15:49 UTC] PHP Stack trace:
[23-Nov-2016 14:15:49 UTC] PHP   1. {main}() /home/ubuntu/workspace/home/perfil.php:0
[23-Nov-2016 14:15:49 UTC] PHP   2. pg_fetch_row() /home/ubuntu/workspace/home/perfil.php:36
[23-Nov-2016 14:17:18 UTC] PHP Warning:  pg_connect(): Unable to connect to PostgreSQL server: could not translate host name "sslmode=require" to address: Name or service not known in /home/ubuntu/workspace/conn.php on line 7
[23-Nov-2016 14:17:18 UTC] PHP Stack trace:
[23-Nov-2016 14:17:18 UTC] PHP   1. {main}() /home/ubuntu/workspace/home/perfil.php:0
[23-Nov-2016 14:17:18 UTC] PHP   2. require() /home/ubuntu/workspace/home/perfil.php:34
[23-Nov-2016 14:17:18 UTC] PHP   3. pg_connect() /home/ubuntu/workspace/conn.php:7
[23-Nov-2016 14:17:18 UTC] PHP Warning:  pg_query() expects parameter 1 to be resource, boolean given in /home/ubuntu/workspace/home/perfil.php on line 35
[23-Nov-2016 14:17:18 UTC] PHP Stack trace:
[23-Nov-2016 14:17:18 UTC] PHP   1. {main}() /home/ubuntu/workspace/home/perfil.php:0
[23-Nov-2016 14:17:18 UTC] PHP   2. pg_query() /home/ubuntu/workspace/home/perfil.php:35
[23-Nov-2016 14:17:18 UTC] PHP Warning:  pg_fetch_row() expects parameter 1 to be resource, null given in /home/ubuntu/workspace/home/perfil.php on line 36
[23-Nov-2016 14:17:18 UTC] PHP Stack trace:
[23-Nov-2016 14:17:18 UTC] PHP   1. {main}() /home/ubuntu/workspace/home/perfil.php:0
[23-Nov-2016 14:17:18 UTC] PHP   2. pg_fetch_row() /home/ubuntu/workspace/home/perfil.php:36
[23-Nov-2016 14:22:57 UTC] PHP Warning:  pg_connect(): Unable to connect to PostgreSQL server: could not translate host name "sslmode=require" to address: Name or service not known in /home/ubuntu/workspace/conn.php on line 7
[23-Nov-2016 14:22:57 UTC] PHP Stack trace:
[23-Nov-2016 14:22:57 UTC] PHP   1. {main}() /home/ubuntu/workspace/home/perfil.php:0
[23-Nov-2016 14:22:57 UTC] PHP   2. require() /home/ubuntu/workspace/home/perfil.php:34
[23-Nov-2016 14:22:57 UTC] PHP   3. pg_connect() /home/ubuntu/workspace/conn.php:7
[23-Nov-2016 14:22:57 UTC] PHP Warning:  pg_query() expects parameter 1 to be resource, boolean given in /home/ubuntu/workspace/home/perfil.php on line 35
[23-Nov-2016 14:22:57 UTC] PHP Stack trace:
[23-Nov-2016 14:22:57 UTC] PHP   1. {main}() /home/ubuntu/workspace/home/perfil.php:0
[23-Nov-2016 14:22:57 UTC] PHP   2. pg_query() /home/ubuntu/workspace/home/perfil.php:35
[23-Nov-2016 14:22:57 UTC] PHP Warning:  pg_fetch_row() expects parameter 1 to be resource, null given in /home/ubuntu/workspace/home/perfil.php on line 36
[23-Nov-2016 14:22:57 UTC] PHP Stack trace:
[23-Nov-2016 14:22:57 UTC] PHP   1. {main}() /home/ubuntu/workspace/home/perfil.php:0
[23-Nov-2016 14:22:57 UTC] PHP   2. pg_fetch_row() /home/ubuntu/workspace/home/perfil.php:36
[23-Nov-2016 14:28:47 UTC] PHP Warning:  pg_connect(): Unable to connect to PostgreSQL server: could not translate host name "sslmode=require" to address: Name or service not known in /home/ubuntu/workspace/conn.php on line 7
[23-Nov-2016 14:28:47 UTC] PHP Stack trace:
[23-Nov-2016 14:28:47 UTC] PHP   1. {main}() /home/ubuntu/workspace/home/perfil.php:0
[23-Nov-2016 14:28:47 UTC] PHP   2. require() /home/ubuntu/workspace/home/perfil.php:34
[23-Nov-2016 14:28:47 UTC] PHP   3. pg_connect() /home/ubuntu/workspace/conn.php:7
[23-Nov-2016 14:28:47 UTC] PHP Warning:  pg_query() expects parameter 1 to be resource, boolean given in /home/ubuntu/workspace/home/perfil.php on line 35
[23-Nov-2016 14:28:47 UTC] PHP Stack trace:
[23-Nov-2016 14:28:47 UTC] PHP   1. {main}() /home/ubuntu/workspace/home/perfil.php:0
[23-Nov-2016 14:28:47 UTC] PHP   2. pg_query() /home/ubuntu/workspace/home/perfil.php:35
[23-Nov-2016 14:28:47 UTC] PHP Warning:  pg_fetch_row() expects parameter 1 to be resource, null given in /home/ubuntu/workspace/home/perfil.php on line 36
[23-Nov-2016 14:28:47 UTC] PHP Stack trace:
[23-Nov-2016 14:28:47 UTC] PHP   1. {main}() /home/ubuntu/workspace/home/perfil.php:0
[23-Nov-2016 14:28:47 UTC] PHP   2. pg_fetch_row() /home/ubuntu/workspace/home/perfil.php:36
[23-Nov-2016 17:26:13 UTC] PHP Parse error:  syntax error, unexpected '}', expecting ',' or ';' in /home/ubuntu/workspace/home/perfil.php on line 475
[23-Nov-2016 17:26:56 UTC] PHP Warning:  pg_connect(): Unable to connect to PostgreSQL server: could not translate host name "sslmode=require" to address: Name or service not known in /home/ubuntu/workspace/conn.php on line 7
[23-Nov-2016 17:26:56 UTC] PHP Stack trace:
[23-Nov-2016 17:26:56 UTC] PHP   1. {main}() /home/ubuntu/workspace/home/perfil.php:0
[23-Nov-2016 17:26:56 UTC] PHP   2. require() /home/ubuntu/workspace/home/perfil.php:34
[23-Nov-2016 17:26:56 UTC] PHP   3. pg_connect() /home/ubuntu/workspace/conn.php:7
[23-Nov-2016 17:26:56 UTC] PHP Warning:  pg_query() expects parameter 1 to be resource, boolean given in /home/ubuntu/workspace/home/perfil.php on line 35
[23-Nov-2016 17:26:56 UTC] PHP Stack trace:
[23-Nov-2016 17:26:56 UTC] PHP   1. {main}() /home/ubuntu/workspace/home/perfil.php:0
[23-Nov-2016 17:26:56 UTC] PHP   2. pg_query() /home/ubuntu/workspace/home/perfil.php:35
[23-Nov-2016 17:26:56 UTC] PHP Warning:  pg_fetch_row() expects parameter 1 to be resource, null given in /home/ubuntu/workspace/home/perfil.php on line 36
[23-Nov-2016 17:26:56 UTC] PHP Stack trace:
[23-Nov-2016 17:26:56 UTC] PHP   1. {main}() /home/ubuntu/workspace/home/perfil.php:0
[23-Nov-2016 17:26:56 UTC] PHP   2. pg_fetch_row() /home/ubuntu/workspace/home/perfil.php:36
[23-Nov-2016 17:32:40 UTC] PHP Warning:  pg_connect(): Unable to connect to PostgreSQL server: could not translate host name "sslmode=require" to address: Name or service not known in /home/ubuntu/workspace/conn.php on line 7
[23-Nov-2016 17:32:40 UTC] PHP Stack trace:
[23-Nov-2016 17:32:40 UTC] PHP   1. {main}() /home/ubuntu/workspace/home/perfil.php:0
[23-Nov-2016 17:32:40 UTC] PHP   2. require() /home/ubuntu/workspace/home/perfil.php:34
[23-Nov-2016 17:32:40 UTC] PHP   3. pg_connect() /home/ubuntu/workspace/conn.php:7
[23-Nov-2016 17:32:40 UTC] PHP Warning:  pg_query() expects parameter 1 to be resource, boolean given in /home/ubuntu/workspace/home/perfil.php on line 35
[23-Nov-2016 17:32:40 UTC] PHP Stack trace:
[23-Nov-2016 17:32:40 UTC] PHP   1. {main}() /home/ubuntu/workspace/home/perfil.php:0
[23-Nov-2016 17:32:40 UTC] PHP   2. pg_query() /home/ubuntu/workspace/home/perfil.php:35
[23-Nov-2016 17:32:40 UTC] PHP Warning:  pg_fetch_row() expects parameter 1 to be resource, null given in /home/ubuntu/workspace/home/perfil.php on line 36
[23-Nov-2016 17:32:40 UTC] PHP Stack trace:
[23-Nov-2016 17:32:40 UTC] PHP   1. {main}() /home/ubuntu/workspace/home/perfil.php:0
[23-Nov-2016 17:32:40 UTC] PHP   2. pg_fetch_row() /home/ubuntu/workspace/home/perfil.php:36
[23-Nov-2016 17:34:50 UTC] PHP Warning:  pg_connect(): Unable to connect to PostgreSQL server: could not translate host name "sslmode=require" to address: Name or service not known in /home/ubuntu/workspace/conn.php on line 7
[23-Nov-2016 17:34:50 UTC] PHP Stack trace:
[23-Nov-2016 17:34:50 UTC] PHP   1. {main}() /home/ubuntu/workspace/home/perfil.php:0
[23-Nov-2016 17:34:50 UTC] PHP   2. require() /home/ubuntu/workspace/home/perfil.php:34
[23-Nov-2016 17:34:50 UTC] PHP   3. pg_connect() /home/ubuntu/workspace/conn.php:7
[23-Nov-2016 17:34:50 UTC] PHP Warning:  pg_query() expects parameter 1 to be resource, boolean given in /home/ubuntu/workspace/home/perfil.php on line 35
[23-Nov-2016 17:34:50 UTC] PHP Stack trace:
[23-Nov-2016 17:34:50 UTC] PHP   1. {main}() /home/ubuntu/workspace/home/perfil.php:0
[23-Nov-2016 17:34:50 UTC] PHP   2. pg_query() /home/ubuntu/workspace/home/perfil.php:35
[23-Nov-2016 17:34:50 UTC] PHP Warning:  pg_fetch_row() expects parameter 1 to be resource, null given in /home/ubuntu/workspace/home/perfil.php on line 36
[23-Nov-2016 17:34:50 UTC] PHP Stack trace:
[23-Nov-2016 17:34:50 UTC] PHP   1. {main}() /home/ubuntu/workspace/home/perfil.php:0
[23-Nov-2016 17:34:50 UTC] PHP   2. pg_fetch_row() /home/ubuntu/workspace/home/perfil.php:36
[23-Nov-2016 17:35:44 UTC] PHP Warning:  pg_connect(): Unable to connect to PostgreSQL server: could not translate host name "sslmode=require" to address: Name or service not known in /home/ubuntu/workspace/conn.php on line 7
[23-Nov-2016 17:35:44 UTC] PHP Stack trace:
[23-Nov-2016 17:35:44 UTC] PHP   1. {main}() /home/ubuntu/workspace/home/perfil.php:0
[23-Nov-2016 17:35:44 UTC] PHP   2. require() /home/ubuntu/workspace/home/perfil.php:34
[23-Nov-2016 17:35:44 UTC] PHP   3. pg_connect() /home/ubuntu/workspace/conn.php:7
[23-Nov-2016 17:35:44 UTC] PHP Warning:  pg_query() expects parameter 1 to be resource, boolean given in /home/ubuntu/workspace/home/perfil.php on line 35
[23-Nov-2016 17:35:44 UTC] PHP Stack trace:
[23-Nov-2016 17:35:44 UTC] PHP   1. {main}() /home/ubuntu/workspace/home/perfil.php:0
[23-Nov-2016 17:35:44 UTC] PHP   2. pg_query() /home/ubuntu/workspace/home/perfil.php:35
[23-Nov-2016 17:35:44 UTC] PHP Warning:  pg_fetch_row() expects parameter 1 to be resource, null given in /home/ubuntu/workspace/home/perfil.php on line 36
[23-Nov-2016 17:35:44 UTC] PHP Stack trace:
[23-Nov-2016 17:35:44 UTC] PHP   1. {main}() /home/ubuntu/workspace/home/perfil.php:0
[23-Nov-2016 17:35:44 UTC] PHP   2. pg_fetch_row() /home/ubuntu/workspace/home/perfil.php:36
[23-Nov-2016 17:35:50 UTC] PHP Warning:  pg_connect(): Unable to connect to PostgreSQL server: could not translate host name "sslmode=require" to address: Name or service not known in /home/ubuntu/workspace/conn.php on line 7
[23-Nov-2016 17:35:50 UTC] PHP Stack trace:
[23-Nov-2016 17:35:50 UTC] PHP   1. {main}() /home/ubuntu/workspace/home/perfil.php:0
[23-Nov-2016 17:35:50 UTC] PHP   2. require() /home/ubuntu/workspace/home/perfil.php:34
[23-Nov-2016 17:35:50 UTC] PHP   3. pg_connect() /home/ubuntu/workspace/conn.php:7
[23-Nov-2016 17:35:50 UTC] PHP Warning:  pg_query() expects parameter 1 to be resource, boolean given in /home/ubuntu/workspace/home/perfil.php on line 35
[23-Nov-2016 17:35:50 UTC] PHP Stack trace:
[23-Nov-2016 17:35:50 UTC] PHP   1. {main}() /home/ubuntu/workspace/home/perfil.php:0
[23-Nov-2016 17:35:50 UTC] PHP   2. pg_query() /home/ubuntu/workspace/home/perfil.php:35
[23-Nov-2016 17:35:50 UTC] PHP Warning:  pg_fetch_row() expects parameter 1 to be resource, null given in /home/ubuntu/workspace/home/perfil.php on line 36
[23-Nov-2016 17:35:50 UTC] PHP Stack trace:
[23-Nov-2016 17:35:50 UTC] PHP   1. {main}() /home/ubuntu/workspace/home/perfil.php:0
[23-Nov-2016 17:35:50 UTC] PHP   2. pg_fetch_row() /home/ubuntu/workspace/home/perfil.php:36
[23-Nov-2016 17:36:05 UTC] PHP Warning:  pg_connect(): Unable to connect to PostgreSQL server: could not translate host name "sslmode=require" to address: Name or service not known in /home/ubuntu/workspace/conn.php on line 7
[23-Nov-2016 17:36:05 UTC] PHP Stack trace:
[23-Nov-2016 17:36:05 UTC] PHP   1. {main}() /home/ubuntu/workspace/home/perfil.php:0
[23-Nov-2016 17:36:05 UTC] PHP   2. require() /home/ubuntu/workspace/home/perfil.php:34
[23-Nov-2016 17:36:05 UTC] PHP   3. pg_connect() /home/ubuntu/workspace/conn.php:7
[23-Nov-2016 17:36:05 UTC] PHP Warning:  pg_query() expects parameter 1 to be resource, boolean given in /home/ubuntu/workspace/home/perfil.php on line 35
[23-Nov-2016 17:36:05 UTC] PHP Stack trace:
[23-Nov-2016 17:36:05 UTC] PHP   1. {main}() /home/ubuntu/workspace/home/perfil.php:0
[23-Nov-2016 17:36:05 UTC] PHP   2. pg_query() /home/ubuntu/workspace/home/perfil.php:35
[23-Nov-2016 17:36:05 UTC] PHP Warning:  pg_fetch_row() expects parameter 1 to be resource, null given in /home/ubuntu/workspace/home/perfil.php on line 36
[23-Nov-2016 17:36:05 UTC] PHP Stack trace:
[23-Nov-2016 17:36:05 UTC] PHP   1. {main}() /home/ubuntu/workspace/home/perfil.php:0
[23-Nov-2016 17:36:05 UTC] PHP   2. pg_fetch_row() /home/ubuntu/workspace/home/perfil.php:36
[23-Nov-2016 17:43:01 UTC] PHP Warning:  pg_connect(): Unable to connect to PostgreSQL server: could not translate host name "sslmode=require" to address: Name or service not known in /home/ubuntu/workspace/conn.php on line 7
[23-Nov-2016 17:43:01 UTC] PHP Stack trace:
[23-Nov-2016 17:43:01 UTC] PHP   1. {main}() /home/ubuntu/workspace/home/perfil.php:0
[23-Nov-2016 17:43:01 UTC] PHP   2. require() /home/ubuntu/workspace/home/perfil.php:34
[23-Nov-2016 17:43:01 UTC] PHP   3. pg_connect() /home/ubuntu/workspace/conn.php:7
[23-Nov-2016 17:43:01 UTC] PHP Warning:  pg_query() expects parameter 1 to be resource, boolean given in /home/ubuntu/workspace/home/perfil.php on line 35
[23-Nov-2016 17:43:01 UTC] PHP Stack trace:
[23-Nov-2016 17:43:01 UTC] PHP   1. {main}() /home/ubuntu/workspace/home/perfil.php:0
[23-Nov-2016 17:43:01 UTC] PHP   2. pg_query() /home/ubuntu/workspace/home/perfil.php:35
[23-Nov-2016 17:43:01 UTC] PHP Warning:  pg_fetch_row() expects parameter 1 to be resource, null given in /home/ubuntu/workspace/home/perfil.php on line 36
[23-Nov-2016 17:43:01 UTC] PHP Stack trace:
[23-Nov-2016 17:43:01 UTC] PHP   1. {main}() /home/ubuntu/workspace/home/perfil.php:0
[23-Nov-2016 17:43:01 UTC] PHP   2. pg_fetch_row() /home/ubuntu/workspace/home/perfil.php:36
[23-Nov-2016 17:44:41 UTC] PHP Warning:  pg_connect(): Unable to connect to PostgreSQL server: could not translate host name "sslmode=require" to address: Name or service not known in /home/ubuntu/workspace/conn.php on line 7
[23-Nov-2016 17:44:41 UTC] PHP Stack trace:
[23-Nov-2016 17:44:41 UTC] PHP   1. {main}() /home/ubuntu/workspace/home/perfil.php:0
[23-Nov-2016 17:44:41 UTC] PHP   2. require() /home/ubuntu/workspace/home/perfil.php:34
[23-Nov-2016 17:44:41 UTC] PHP   3. pg_connect() /home/ubuntu/workspace/conn.php:7
[23-Nov-2016 17:44:41 UTC] PHP Warning:  pg_query() expects parameter 1 to be resource, boolean given in /home/ubuntu/workspace/home/perfil.php on line 35
[23-Nov-2016 17:44:41 UTC] PHP Stack trace:
[23-Nov-2016 17:44:41 UTC] PHP   1. {main}() /home/ubuntu/workspace/home/perfil.php:0
[23-Nov-2016 17:44:41 UTC] PHP   2. pg_query() /home/ubuntu/workspace/home/perfil.php:35
[23-Nov-2016 17:44:41 UTC] PHP Warning:  pg_fetch_row() expects parameter 1 to be resource, null given in /home/ubuntu/workspace/home/perfil.php on line 36
[23-Nov-2016 17:44:41 UTC] PHP Stack trace:
[23-Nov-2016 17:44:41 UTC] PHP   1. {main}() /home/ubuntu/workspace/home/perfil.php:0
[23-Nov-2016 17:44:41 UTC] PHP   2. pg_fetch_row() /home/ubuntu/workspace/home/perfil.php:36
[23-Nov-2016 17:45:36 UTC] PHP Warning:  pg_connect(): Unable to connect to PostgreSQL server: could not translate host name "sslmode=require" to address: Name or service not known in /home/ubuntu/workspace/conn.php on line 7
[23-Nov-2016 17:45:36 UTC] PHP Stack trace:
[23-Nov-2016 17:45:36 UTC] PHP   1. {main}() /home/ubuntu/workspace/home/perfil.php:0
[23-Nov-2016 17:45:36 UTC] PHP   2. require() /home/ubuntu/workspace/home/perfil.php:34
[23-Nov-2016 17:45:36 UTC] PHP   3. pg_connect() /home/ubuntu/workspace/conn.php:7
[23-Nov-2016 17:45:36 UTC] PHP Warning:  pg_query() expects parameter 1 to be resource, boolean given in /home/ubuntu/workspace/home/perfil.php on line 35
[23-Nov-2016 17:45:36 UTC] PHP Stack trace:
[23-Nov-2016 17:45:36 UTC] PHP   1. {main}() /home/ubuntu/workspace/home/perfil.php:0
[23-Nov-2016 17:45:36 UTC] PHP   2. pg_query() /home/ubuntu/workspace/home/perfil.php:35
[23-Nov-2016 17:45:36 UTC] PHP Warning:  pg_fetch_row() expects parameter 1 to be resource, null given in /home/ubuntu/workspace/home/perfil.php on line 36
[23-Nov-2016 17:45:36 UTC] PHP Stack trace:
[23-Nov-2016 17:45:36 UTC] PHP   1. {main}() /home/ubuntu/workspace/home/perfil.php:0
[23-Nov-2016 17:45:36 UTC] PHP   2. pg_fetch_row() /home/ubuntu/workspace/home/perfil.php:36
[23-Nov-2016 17:46:42 UTC] PHP Warning:  pg_connect(): Unable to connect to PostgreSQL server: could not translate host name "sslmode=require" to address: Name or service not known in /home/ubuntu/workspace/conn.php on line 7
[23-Nov-2016 17:46:42 UTC] PHP Stack trace:
[23-Nov-2016 17:46:42 UTC] PHP   1. {main}() /home/ubuntu/workspace/home/perfil.php:0
[23-Nov-2016 17:46:42 UTC] PHP   2. require() /home/ubuntu/workspace/home/perfil.php:34
[23-Nov-2016 17:46:42 UTC] PHP   3. pg_connect() /home/ubuntu/workspace/conn.php:7
[23-Nov-2016 17:46:42 UTC] PHP Warning:  pg_query() expects parameter 1 to be resource, boolean given in /home/ubuntu/workspace/home/perfil.php on line 35
[23-Nov-2016 17:46:42 UTC] PHP Stack trace:
[23-Nov-2016 17:46:42 UTC] PHP   1. {main}() /home/ubuntu/workspace/home/perfil.php:0
[23-Nov-2016 17:46:42 UTC] PHP   2. pg_query() /home/ubuntu/workspace/home/perfil.php:35
[23-Nov-2016 17:46:42 UTC] PHP Warning:  pg_fetch_row() expects parameter 1 to be resource, null given in /home/ubuntu/workspace/home/perfil.php on line 36
[23-Nov-2016 17:46:42 UTC] PHP Stack trace:
[23-Nov-2016 17:46:42 UTC] PHP   1. {main}() /home/ubuntu/workspace/home/perfil.php:0
[23-Nov-2016 17:46:42 UTC] PHP   2. pg_fetch_row() /home/ubuntu/workspace/home/perfil.php:36
[23-Nov-2016 17:47:09 UTC] PHP Warning:  pg_connect(): Unable to connect to PostgreSQL server: could not translate host name "sslmode=require" to address: Name or service not known in /home/ubuntu/workspace/conn.php on line 7
[23-Nov-2016 17:47:09 UTC] PHP Stack trace:
[23-Nov-2016 17:47:09 UTC] PHP   1. {main}() /home/ubuntu/workspace/home/perfil.php:0
[23-Nov-2016 17:47:09 UTC] PHP   2. require() /home/ubuntu/workspace/home/perfil.php:34
[23-Nov-2016 17:47:09 UTC] PHP   3. pg_connect() /home/ubuntu/workspace/conn.php:7
[23-Nov-2016 17:47:09 UTC] PHP Warning:  pg_query() expects parameter 1 to be resource, boolean given in /home/ubuntu/workspace/home/perfil.php on line 35
[23-Nov-2016 17:47:09 UTC] PHP Stack trace:
[23-Nov-2016 17:47:09 UTC] PHP   1. {main}() /home/ubuntu/workspace/home/perfil.php:0
[23-Nov-2016 17:47:09 UTC] PHP   2. pg_query() /home/ubuntu/workspace/home/perfil.php:35
[23-Nov-2016 17:47:09 UTC] PHP Warning:  pg_fetch_row() expects parameter 1 to be resource, null given in /home/ubuntu/workspace/home/perfil.php on line 36
[23-Nov-2016 17:47:09 UTC] PHP Stack trace:
[23-Nov-2016 17:47:09 UTC] PHP   1. {main}() /home/ubuntu/workspace/home/perfil.php:0
[23-Nov-2016 17:47:09 UTC] PHP   2. pg_fetch_row() /home/ubuntu/workspace/home/perfil.php:36
[24-Nov-2016 21:20:40 UTC] PHP Warning:  pg_connect(): Unable to connect to PostgreSQL server: could not translate host name "sslmode=require" to address: Name or service not known in /home/ubuntu/workspace/conn.php on line 7
[24-Nov-2016 21:20:40 UTC] PHP Stack trace:
[24-Nov-2016 21:20:40 UTC] PHP   1. {main}() /home/ubuntu/workspace/home/index.php:0
[24-Nov-2016 21:20:40 UTC] PHP   2. require() /home/ubuntu/workspace/home/index.php:26
[24-Nov-2016 21:20:40 UTC] PHP   3. pg_connect() /home/ubuntu/workspace/conn.php:7
[24-Nov-2016 21:20:40 UTC] PHP Warning:  pg_query() expects parameter 1 to be resource, boolean given in /home/ubuntu/workspace/home/index.php on line 27
[24-Nov-2016 21:20:40 UTC] PHP Stack trace:
[24-Nov-2016 21:20:40 UTC] PHP   1. {main}() /home/ubuntu/workspace/home/index.php:0
[24-Nov-2016 21:20:40 UTC] PHP   2. pg_query() /home/ubuntu/workspace/home/index.php:27
[24-Nov-2016 21:20:40 UTC] PHP Warning:  pg_fetch_row() expects parameter 1 to be resource, null given in /home/ubuntu/workspace/home/index.php on line 28
[24-Nov-2016 21:20:40 UTC] PHP Stack trace:
[24-Nov-2016 21:20:40 UTC] PHP   1. {main}() /home/ubuntu/workspace/home/index.php:0
[24-Nov-2016 21:20:40 UTC] PHP   2. pg_fetch_row() /home/ubuntu/workspace/home/index.php:28
[24-Nov-2016 21:22:09 UTC] PHP Warning:  pg_connect(): Unable to connect to PostgreSQL server: could not translate host name "sslmode=require" to address: Name or service not known in /home/ubuntu/workspace/conn.php on line 7
[24-Nov-2016 21:22:09 UTC] PHP Stack trace:
[24-Nov-2016 21:22:09 UTC] PHP   1. {main}() /home/ubuntu/workspace/home/perfil.php:0
[24-Nov-2016 21:22:09 UTC] PHP   2. require() /home/ubuntu/workspace/home/perfil.php:34
[24-Nov-2016 21:22:09 UTC] PHP   3. pg_connect() /home/ubuntu/workspace/conn.php:7
[24-Nov-2016 21:22:09 UTC] PHP Warning:  pg_query() expects parameter 1 to be resource, boolean given in /home/ubuntu/workspace/home/perfil.php on line 35
[24-Nov-2016 21:22:09 UTC] PHP Stack trace:
[24-Nov-2016 21:22:09 UTC] PHP   1. {main}() /home/ubuntu/workspace/home/perfil.php:0
[24-Nov-2016 21:22:09 UTC] PHP   2. pg_query() /home/ubuntu/workspace/home/perfil.php:35
[24-Nov-2016 21:22:09 UTC] PHP Warning:  pg_fetch_row() expects parameter 1 to be resource, null given in /home/ubuntu/workspace/home/perfil.php on line 36
[24-Nov-2016 21:22:09 UTC] PHP Stack trace:
[24-Nov-2016 21:22:09 UTC] PHP   1. {main}() /home/ubuntu/workspace/home/perfil.php:0
[24-Nov-2016 21:22:09 UTC] PHP   2. pg_fetch_row() /home/ubuntu/workspace/home/perfil.php:36
[24-Nov-2016 21:22:22 UTC] PHP Warning:  pg_connect(): Unable to connect to PostgreSQL server: could not translate host name "sslmode=require" to address: Name or service not known in /home/ubuntu/workspace/conn.php on line 7
[24-Nov-2016 21:22:22 UTC] PHP Stack trace:
[24-Nov-2016 21:22:22 UTC] PHP   1. {main}() /home/ubuntu/workspace/home/perfil.php:0
[24-Nov-2016 21:22:22 UTC] PHP   2. require() /home/ubuntu/workspace/home/perfil.php:34
[24-Nov-2016 21:22:22 UTC] PHP   3. pg_connect() /home/ubuntu/workspace/conn.php:7
[24-Nov-2016 21:22:22 UTC] PHP Warning:  pg_query() expects parameter 1 to be resource, boolean given in /home/ubuntu/workspace/home/perfil.php on line 35
[24-Nov-2016 21:22:22 UTC] PHP Stack trace:
[24-Nov-2016 21:22:22 UTC] PHP   1. {main}() /home/ubuntu/workspace/home/perfil.php:0
[24-Nov-2016 21:22:22 UTC] PHP   2. pg_query() /home/ubuntu/workspace/home/perfil.php:35
[24-Nov-2016 21:22:22 UTC] PHP Warning:  pg_fetch_row() expects parameter 1 to be resource, null given in /home/ubuntu/workspace/home/perfil.php on line 36
[24-Nov-2016 21:22:22 UTC] PHP Stack trace:
[24-Nov-2016 21:22:22 UTC] PHP   1. {main}() /home/ubuntu/workspace/home/perfil.php:0
[24-Nov-2016 21:22:22 UTC] PHP   2. pg_fetch_row() /home/ubuntu/workspace/home/perfil.php:36
[24-Nov-2016 22:03:56 UTC] PHP Warning:  pg_connect(): Unable to connect to PostgreSQL server: could not translate host name "sslmode=require" to address: Name or service not known in /home/ubuntu/workspace/conn.php on line 7
[24-Nov-2016 22:03:56 UTC] PHP Stack trace:
[24-Nov-2016 22:03:56 UTC] PHP   1. {main}() /home/ubuntu/workspace/home/perfil.php:0
[24-Nov-2016 22:03:56 UTC] PHP   2. require() /home/ubuntu/workspace/home/perfil.php:34
[24-Nov-2016 22:03:56 UTC] PHP   3. pg_connect() /home/ubuntu/workspace/conn.php:7
[24-Nov-2016 22:03:56 UTC] PHP Warning:  pg_query() expects parameter 1 to be resource, boolean given in /home/ubuntu/workspace/home/perfil.php on line 35
[24-Nov-2016 22:03:56 UTC] PHP Stack trace:
[24-Nov-2016 22:03:56 UTC] PHP   1. {main}() /home/ubuntu/workspace/home/perfil.php:0
[24-Nov-2016 22:03:56 UTC] PHP   2. pg_query() /home/ubuntu/workspace/home/perfil.php:35
[24-Nov-2016 22:03:56 UTC] PHP Warning:  pg_fetch_row() expects parameter 1 to be resource, null given in /home/ubuntu/workspace/home/perfil.php on line 36
[24-Nov-2016 22:03:56 UTC] PHP Stack trace:
[24-Nov-2016 22:03:56 UTC] PHP   1. {main}() /home/ubuntu/workspace/home/perfil.php:0
[24-Nov-2016 22:03:56 UTC] PHP   2. pg_fetch_row() /home/ubuntu/workspace/home/perfil.php:36
[25-Nov-2016 01:20:51 UTC] PHP Warning:  pg_connect(): Unable to connect to PostgreSQL server: could not translate host name "sslmode=require" to address: Name or service not known in /home/ubuntu/workspace/conn.php on line 7
[25-Nov-2016 01:20:51 UTC] PHP Stack trace:
[25-Nov-2016 01:20:51 UTC] PHP   1. {main}() /home/ubuntu/workspace/home/index.php:0
[25-Nov-2016 01:20:51 UTC] PHP   2. require() /home/ubuntu/workspace/home/index.php:26
[25-Nov-2016 01:20:51 UTC] PHP   3. pg_connect() /home/ubuntu/workspace/conn.php:7
[25-Nov-2016 01:20:51 UTC] PHP Warning:  pg_query() expects parameter 1 to be resource, boolean given in /home/ubuntu/workspace/home/index.php on line 27
[25-Nov-2016 01:20:51 UTC] PHP Stack trace:
[25-Nov-2016 01:20:51 UTC] PHP   1. {main}() /home/ubuntu/workspace/home/index.php:0
[25-Nov-2016 01:20:51 UTC] PHP   2. pg_query() /home/ubuntu/workspace/home/index.php:27
[25-Nov-2016 01:20:51 UTC] PHP Warning:  pg_fetch_row() expects parameter 1 to be resource, null given in /home/ubuntu/workspace/home/index.php on line 28
[25-Nov-2016 01:20:51 UTC] PHP Stack trace:
[25-Nov-2016 01:20:51 UTC] PHP   1. {main}() /home/ubuntu/workspace/home/index.php:0
[25-Nov-2016 01:20:51 UTC] PHP   2. pg_fetch_row() /home/ubuntu/workspace/home/index.php:28
[25-Nov-2016 01:21:03 UTC] PHP Warning:  pg_connect(): Unable to connect to PostgreSQL server: could not translate host name "sslmode=require" to address: Name or service not known in /home/ubuntu/workspace/conn.php on line 7
[25-Nov-2016 01:21:03 UTC] PHP Stack trace:
[25-Nov-2016 01:21:03 UTC] PHP   1. {main}() /home/ubuntu/workspace/home/perfil.php:0
[25-Nov-2016 01:21:03 UTC] PHP   2. require() /home/ubuntu/workspace/home/perfil.php:34
[25-Nov-2016 01:21:03 UTC] PHP   3. pg_connect() /home/ubuntu/workspace/conn.php:7
[25-Nov-2016 01:21:03 UTC] PHP Warning:  pg_query() expects parameter 1 to be resource, boolean given in /home/ubuntu/workspace/home/perfil.php on line 35
[25-Nov-2016 01:21:03 UTC] PHP Stack trace:
[25-Nov-2016 01:21:03 UTC] PHP   1. {main}() /home/ubuntu/workspace/home/perfil.php:0
[25-Nov-2016 01:21:03 UTC] PHP   2. pg_query() /home/ubuntu/workspace/home/perfil.php:35
[25-Nov-2016 01:21:03 UTC] PHP Warning:  pg_fetch_row() expects parameter 1 to be resource, null given in /home/ubuntu/workspace/home/perfil.php on line 36
[25-Nov-2016 01:21:03 UTC] PHP Stack trace:
[25-Nov-2016 01:21:03 UTC] PHP   1. {main}() /home/ubuntu/workspace/home/perfil.php:0
[25-Nov-2016 01:21:03 UTC] PHP   2. pg_fetch_row() /home/ubuntu/workspace/home/perfil.php:36
[25-Nov-2016 01:21:29 UTC] PHP Warning:  pg_connect(): Unable to connect to PostgreSQL server: could not translate host name "sslmode=require" to address: Name or service not known in /home/ubuntu/workspace/conn.php on line 7
[25-Nov-2016 01:21:29 UTC] PHP Stack trace:
[25-Nov-2016 01:21:29 UTC] PHP   1. {main}() /home/ubuntu/workspace/home/perfil.php:0
[25-Nov-2016 01:21:29 UTC] PHP   2. require() /home/ubuntu/workspace/home/perfil.php:34
[25-Nov-2016 01:21:29 UTC] PHP   3. pg_connect() /home/ubuntu/workspace/conn.php:7
[25-Nov-2016 01:21:29 UTC] PHP Warning:  pg_query() expects parameter 1 to be resource, boolean given in /home/ubuntu/workspace/home/perfil.php on line 35
[25-Nov-2016 01:21:29 UTC] PHP Stack trace:
[25-Nov-2016 01:21:29 UTC] PHP   1. {main}() /home/ubuntu/workspace/home/perfil.php:0
[25-Nov-2016 01:21:29 UTC] PHP   2. pg_query() /home/ubuntu/workspace/home/perfil.php:35
[25-Nov-2016 01:21:29 UTC] PHP Warning:  pg_fetch_row() expects parameter 1 to be resource, null given in /home/ubuntu/workspace/home/perfil.php on line 36
[25-Nov-2016 01:21:29 UTC] PHP Stack trace:
[25-Nov-2016 01:21:29 UTC] PHP   1. {main}() /home/ubuntu/workspace/home/perfil.php:0
[25-Nov-2016 01:21:29 UTC] PHP   2. pg_fetch_row() /home/ubuntu/workspace/home/perfil.php:36
